This is pdfTeX, Version 3.14159265-2.6-1.40.16 (MiKTeX 2.9) (preloaded format=pdflatex 2016.4.23)  13 JAN 2017 19:57
entering extended mode
**./CS155HW_1.tex
(CS155HW_1.tex
LaTeX2e <2015/10/01> patch level 2
Babel <3.9n> and hyphenation patterns for 69 languages loaded.

("C:\Users\andre_000\AppData\Local\Programs\MiKTeX 2.9\tex\latex\base\article.c
ls"
Document Class: article 2014/09/29 v1.4h Standard LaTeX document class

("C:\Users\andre_000\AppData\Local\Programs\MiKTeX 2.9\tex\latex\base\size12.cl
o"
File: size12.clo 2014/09/29 v1.4h Standard LaTeX file (size option)
)
\c@part=\count79
\c@section=\count80
\c@subsection=\count81
\c@subsubsection=\count82
\c@paragraph=\count83
\c@subparagraph=\count84
\c@figure=\count85
\c@table=\count86
\abovecaptionskip=\skip41
\belowcaptionskip=\skip42
\bibindent=\dimen102
)
("C:\Users\andre_000\AppData\Local\Programs\MiKTeX 2.9\tex\latex\fancyhdr\fancy
hdr.sty"
\fancy@headwidth=\skip43
\f@ncyO@elh=\skip44
\f@ncyO@erh=\skip45
\f@ncyO@olh=\skip46
\f@ncyO@orh=\skip47
\f@ncyO@elf=\skip48
\f@ncyO@erf=\skip49
\f@ncyO@olf=\skip50
\f@ncyO@orf=\skip51
)
("C:\Users\andre_000\AppData\Local\Programs\MiKTeX 2.9\tex\latex\geometry\geome
try.sty"
Package: geometry 2010/09/12 v5.6 Page Geometry

("C:\Users\andre_000\AppData\Local\Programs\MiKTeX 2.9\tex\latex\graphics\keyva
l.sty"
Package: keyval 2014/10/28 v1.15 key=value parser (DPC)
\KV@toks@=\toks14
)
("C:\Users\andre_000\AppData\Local\Programs\MiKTeX 2.9\tex\generic\oberdiek\ifp
df.sty"
Package: ifpdf 2011/01/30 v2.3 Provides the ifpdf switch (HO)
Package ifpdf Info: pdfTeX in PDF mode is detected.
)
("C:\Users\andre_000\AppData\Local\Programs\MiKTeX 2.9\tex\generic\oberdiek\ifv
tex.sty"
Package: ifvtex 2010/03/01 v1.5 Detect VTeX and its facilities (HO)
Package ifvtex Info: VTeX not detected.
)
("C:\Users\andre_000\AppData\Local\Programs\MiKTeX 2.9\tex\generic\ifxetex\ifxe
tex.sty"
Package: ifxetex 2010/09/12 v0.6 Provides ifxetex conditional
)
\Gm@cnth=\count87
\Gm@cntv=\count88
\c@Gm@tempcnt=\count89
\Gm@bindingoffset=\dimen103
\Gm@wd@mp=\dimen104
\Gm@odd@mp=\dimen105
\Gm@even@mp=\dimen106
\Gm@layoutwidth=\dimen107
\Gm@layoutheight=\dimen108
\Gm@layouthoffset=\dimen109
\Gm@layoutvoffset=\dimen110
\Gm@dimlist=\toks15

("C:\Users\andre_000\AppData\Local\Programs\MiKTeX 2.9\tex\latex\geometry\geome
try.cfg"))
("C:\Users\andre_000\AppData\Local\Programs\MiKTeX 2.9\tex\latex\amsmath\amsmat
h.sty"
Package: amsmath 2013/01/14 v2.14 AMS math features
\@mathmargin=\skip52

For additional information on amsmath, use the `?' option.

("C:\Users\andre_000\AppData\Local\Programs\MiKTeX 2.9\tex\latex\amsmath\amstex
t.sty"
Package: amstext 2000/06/29 v2.01

("C:\Users\andre_000\AppData\Local\Programs\MiKTeX 2.9\tex\latex\amsmath\amsgen
.sty"
File: amsgen.sty 1999/11/30 v2.0
\@emptytoks=\toks16
\ex@=\dimen111
))
("C:\Users\andre_000\AppData\Local\Programs\MiKTeX 2.9\tex\latex\amsmath\amsbsy
.sty"
Package: amsbsy 1999/11/29 v1.2d
\pmbraise@=\dimen112
)
("C:\Users\andre_000\AppData\Local\Programs\MiKTeX 2.9\tex\latex\amsmath\amsopn
.sty"
Package: amsopn 1999/12/14 v2.01 operator names
)
\inf@bad=\count90
LaTeX Info: Redefining \frac on input line 210.
\uproot@=\count91
\leftroot@=\count92
LaTeX Info: Redefining \overline on input line 306.
\classnum@=\count93
\DOTSCASE@=\count94
LaTeX Info: Redefining \ldots on input line 378.
LaTeX Info: Redefining \dots on input line 381.
LaTeX Info: Redefining \cdots on input line 466.
\Mathstrutbox@=\box26
\strutbox@=\box27
\big@size=\dimen113
LaTeX Font Info:    Redeclaring font encoding OML on input line 566.
LaTeX Font Info:    Redeclaring font encoding OMS on input line 567.
\macc@depth=\count95
\c@MaxMatrixCols=\count96
\dotsspace@=\muskip10
\c@parentequation=\count97
\dspbrk@lvl=\count98
\tag@help=\toks17
\row@=\count99
\column@=\count100
\maxfields@=\count101
\andhelp@=\toks18
\eqnshift@=\dimen114
\alignsep@=\dimen115
\tagshift@=\dimen116
\tagwidth@=\dimen117
\totwidth@=\dimen118
\lineht@=\dimen119
\@envbody=\toks19
\multlinegap=\skip53
\multlinetaggap=\skip54
\mathdisplay@stack=\toks20
LaTeX Info: Redefining \[ on input line 2665.
LaTeX Info: Redefining \] on input line 2666.
)
("C:\Users\andre_000\AppData\Local\Programs\MiKTeX 2.9\tex\latex\tools\enumerat
e.sty"
Package: enumerate 2015/07/23 v3.00 enumerate extensions (DPC)
\@enLab=\toks21
)
("C:\Users\andre_000\AppData\Local\Programs\MiKTeX 2.9\tex\latex\graphics\graph
icx.sty"
Package: graphicx 2014/10/28 v1.0g Enhanced LaTeX Graphics (DPC,SPQR)

("C:\Users\andre_000\AppData\Local\Programs\MiKTeX 2.9\tex\latex\graphics\graph
ics.sty"
Package: graphics 2014/10/28 v1.0p Standard LaTeX Graphics (DPC,SPQR)

("C:\Users\andre_000\AppData\Local\Programs\MiKTeX 2.9\tex\latex\graphics\trig.
sty"
Package: trig 1999/03/16 v1.09 sin cos tan (DPC)
)
("C:\Users\andre_000\AppData\Local\Programs\MiKTeX 2.9\tex\latex\00miktex\graph
ics.cfg"
File: graphics.cfg 2007/01/18 v1.5 graphics configuration of teTeX/TeXLive
)
Package graphics Info: Driver file: pdftex.def on input line 94.

("C:\Users\andre_000\AppData\Local\Programs\MiKTeX 2.9\tex\latex\pdftex-def\pdf
tex.def"
File: pdftex.def 2011/05/27 v0.06d Graphics/color for pdfTeX

("C:\Users\andre_000\AppData\Local\Programs\MiKTeX 2.9\tex\generic\oberdiek\inf
warerr.sty"
Package: infwarerr 2010/04/08 v1.3 Providing info/warning/error messages (HO)
)
("C:\Users\andre_000\AppData\Local\Programs\MiKTeX 2.9\tex\generic\oberdiek\ltx
cmds.sty"
Package: ltxcmds 2011/11/09 v1.22 LaTeX kernel commands for general use (HO)
)
\Gread@gobject=\count102
))
\Gin@req@height=\dimen120
\Gin@req@width=\dimen121
)
("C:\Users\andre_000\AppData\Local\Programs\MiKTeX 2.9\tex\latex\mhchem\mhchem.
sty"
Package: mhchem 2016/02/07 v4.04 for typesetting chemical formulae

("C:\Users\andre_000\AppData\Local\Programs\MiKTeX 2.9\tex\latex\l3kernel\expl3
.sty"
Package: expl3 2016/04/20 v6476 L3 programming layer (loader) 

("C:\Users\andre_000\AppData\Local\Programs\MiKTeX 2.9\tex\latex\l3kernel\expl3
-code.tex"
Package: expl3 2016/04/20 v6476 L3 programming layer (code)
L3 Module: l3bootstrap 2016/02/12 v6412 L3 Bootstrap code
L3 Module: l3names 2016/03/11 v6433 L3 Namespace for primitives
L3 Module: l3basics 2015/11/22 v6315 L3 Basic definitions
L3 Module: l3expan 2015/09/10 v5983 L3 Argument expansion
L3 Module: l3tl 2016/03/26 v6465 L3 Token lists
L3 Module: l3str 2016/03/24 v6441 L3 Strings
L3 Module: l3seq 2015/08/05 v5777 L3 Sequences and stacks
L3 Module: l3int 2016/03/24 v6441 L3 Integers
\c_max_int=\count103
\l_tmpa_int=\count104
\l_tmpb_int=\count105
\g_tmpa_int=\count106
\g_tmpb_int=\count107
L3 Module: l3quark 2015/08/17 v5855 L3 Quarks
L3 Module: l3prg 2015/11/01 v6216 L3 Control structures
\g__prg_map_int=\count108
L3 Module: l3clist 2015/09/02 v5901 L3 Comma separated lists
L3 Module: l3token 2016/04/03 v6470 L3 Experimental token manipulation
L3 Module: l3prop 2016/01/05 v6366 L3 Property lists
L3 Module: l3msg 2016/03/26 v6464 L3 Messages
L3 Module: l3file 2016/03/25 v6458 L3 File and I/O operations
\l_iow_line_count_int=\count109
\l__iow_target_count_int=\count110
\l__iow_current_line_int=\count111
\l__iow_current_word_int=\count112
\l__iow_current_indentation_int=\count113
L3 Module: l3skip 2016/01/05 v6366 L3 Dimensions and skips
\c_zero_dim=\dimen122
\c_max_dim=\dimen123
\l_tmpa_dim=\dimen124
\l_tmpb_dim=\dimen125
\g_tmpa_dim=\dimen126
\g_tmpb_dim=\dimen127
\c_zero_skip=\skip55
\c_max_skip=\skip56
\l_tmpa_skip=\skip57
\l_tmpb_skip=\skip58
\g_tmpa_skip=\skip59
\g_tmpb_skip=\skip60
\c_zero_muskip=\muskip11
\c_max_muskip=\muskip12
\l_tmpa_muskip=\muskip13
\l_tmpb_muskip=\muskip14
\g_tmpa_muskip=\muskip15
\g_tmpb_muskip=\muskip16
L3 Module: l3keys 2015/11/17 v6284 L3 Key-value interfaces
\g__keyval_level_int=\count114
\l_keys_choice_int=\count115
L3 Module: l3fp 2016/03/26 v6465 L3 Floating points
\c__fp_leading_shift_int=\count116
\c__fp_middle_shift_int=\count117
\c__fp_trailing_shift_int=\count118
\c__fp_big_leading_shift_int=\count119
\c__fp_big_middle_shift_int=\count120
\c__fp_big_trailing_shift_int=\count121
\c__fp_Bigg_leading_shift_int=\count122
\c__fp_Bigg_middle_shift_int=\count123
\c__fp_Bigg_trailing_shift_int=\count124
L3 Module: l3box 2015/08/09 v5822 L3 Experimental boxes
\c_empty_box=\box28
\l_tmpa_box=\box29
\l_tmpb_box=\box30
\g_tmpa_box=\box31
\g_tmpb_box=\box32
L3 Module: l3coffins 2016/03/24 v6440 L3 Coffin code layer
\l__coffin_internal_box=\box33
\l__coffin_internal_dim=\dimen128
\l__coffin_offset_x_dim=\dimen129
\l__coffin_offset_y_dim=\dimen130
\l__coffin_x_dim=\dimen131
\l__coffin_y_dim=\dimen132
\l__coffin_x_prime_dim=\dimen133
\l__coffin_y_prime_dim=\dimen134
\c_empty_coffin=\box34
\l__coffin_aligned_coffin=\box35
\l__coffin_aligned_internal_coffin=\box36
\l_tmpa_coffin=\box37
\l_tmpb_coffin=\box38
\l__coffin_display_coffin=\box39
\l__coffin_display_coord_coffin=\box40
\l__coffin_display_pole_coffin=\box41
\l__coffin_display_offset_dim=\dimen135
\l__coffin_display_x_dim=\dimen136
\l__coffin_display_y_dim=\dimen137
L3 Module: l3color 2014/08/23 v5354 L3 Experimental color support
L3 Module: l3sys 2015/09/25 v6087 L3 Experimental system/runtime functions
L3 Module: l3candidates 2016/03/25 v6456 L3 Experimental additions to l3kernel
\l__box_top_dim=\dimen138
\l__box_bottom_dim=\dimen139
\l__box_left_dim=\dimen140
\l__box_right_dim=\dimen141
\l__box_top_new_dim=\dimen142
\l__box_bottom_new_dim=\dimen143
\l__box_left_new_dim=\dimen144
\l__box_right_new_dim=\dimen145
\l__box_internal_box=\box42
\l__coffin_bounding_shift_dim=\dimen146
\l__coffin_left_corner_dim=\dimen147
\l__coffin_right_corner_dim=\dimen148
\l__coffin_bottom_corner_dim=\dimen149
\l__coffin_top_corner_dim=\dimen150
\l__coffin_scaled_total_height_dim=\dimen151
\l__coffin_scaled_width_dim=\dimen152
L3 Module: l3luatex 2016/03/26 v6465 L3 Experimental LuaTeX-specific functions
)
("C:\Users\andre_000\AppData\Local\Programs\MiKTeX 2.9\tex\latex\l3kernel\l3pdf
mode.def"
File: l3pdfmode.def 2016/03/26 v6465 L3 Experimental driver: PDF mode
\l__driver_color_stack_int=\count125
))
("C:\Users\andre_000\AppData\Local\Programs\MiKTeX 2.9\tex\latex\l3packages\l3k
eys2e\l3keys2e.sty"
Package: l3keys2e 2016/04/20 v6476 LaTeX2e option processing using LaTeX3 keys
)
("C:\Users\andre_000\AppData\Local\Programs\MiKTeX 2.9\tex\latex\l3experimental
\l3str\l3regex.sty"
Package: l3regex 2016/04/20 v6476 L3 Experimental regular expressions

("C:\Users\andre_000\AppData\Local\Programs\MiKTeX 2.9\tex\latex\l3experimental
\l3str\l3tl-build.sty"
Package: l3tl-build 2016/04/20 v6476 L3 Experimental token list construction
\l__tl_build_start_index_int=\count126
\l__tl_build_index_int=\count127
)
("C:\Users\andre_000\AppData\Local\Programs\MiKTeX 2.9\tex\latex\l3experimental
\l3str\l3tl-analysis.sty"
Package: l3tl-analysis 2016/03/24 v6443 L3 Experimental token lists analysis
\l__tl_analysis_normal_int=\count128
\l__tl_analysis_index_int=\count129
\l__tl_analysis_nesting_int=\count130
\l__tl_analysis_type_int=\count131
)
("C:\Users\andre_000\AppData\Local\Programs\MiKTeX 2.9\tex\latex\l3experimental
\l3str\l3flag.sty"
Package: l3flag 2016/04/20 v6476 L3 Experimental flags
)
("C:\Users\andre_000\AppData\Local\Programs\MiKTeX 2.9\tex\latex\l3experimental
\l3str\l3str-convert.sty"
Package: l3str-convert 2016/03/24 v6443 L3 Experimental string encoding convers
ions
\l__str_internal_int=\count132
\c__str_replacement_char_int=\count133
)
\l__regex_internal_a_int=\count134
\l__regex_internal_b_int=\count135
\l__regex_internal_c_int=\count136
\l__regex_balance_int=\count137
\l__regex_group_level_int=\count138
\l__regex_mode_int=\count139
\l__regex_catcodes_int=\count140
\l__regex_default_catcodes_int=\count141
\c__regex_catcode_D_int=\count142
\c__regex_catcode_S_int=\count143
\c__regex_catcode_L_int=\count144
\c__regex_catcode_O_int=\count145
\c__regex_catcode_A_int=\count146
\c__regex_all_catcodes_int=\count147
\l__regex_show_lines_int=\count148
\l__regex_min_state_int=\count149
\l__regex_max_state_int=\count150
\l__regex_left_state_int=\count151
\l__regex_right_state_int=\count152
\l__regex_capturing_group_int=\count153
\l__regex_min_pos_int=\count154
\l__regex_max_pos_int=\count155
\l__regex_current_pos_int=\count156
\l__regex_start_pos_int=\count157
\l__regex_success_pos_int=\count158
\l__regex_current_char_int=\count159
\l__regex_current_catcode_int=\count160
\l__regex_last_char_int=\count161
\l__regex_case_changed_char_int=\count162
\l__regex_current_state_int=\count163
\l__regex_step_int=\count164
\l__regex_min_active_int=\count165
\l__regex_max_active_int=\count166
\l__regex_replacement_csnames_int=\count167
\l__regex_match_count_int=\count168
\l__regex_submatch_int=\count169
\l__regex_zeroth_submatch_int=\count170
)
("C:\Users\andre_000\AppData\Local\Programs\MiKTeX 2.9\tex\latex\tools\calc.sty
"
Package: calc 2014/10/28 v4.3 Infix arithmetic (KKT,FJ)
\calc@Acount=\count171
\calc@Bcount=\count172
\calc@Adimen=\dimen153
\calc@Bdimen=\dimen154
\calc@Askip=\skip61
\calc@Bskip=\skip62
LaTeX Info: Redefining \setlength on input line 80.
LaTeX Info: Redefining \addtolength on input line 81.
\calc@Ccount=\count173
\calc@Cskip=\skip63
)
("C:\Users\andre_000\AppData\Local\Programs\MiKTeX 2.9\tex\latex\chemgreek\chem
greek.sty"
("C:\Users\andre_000\AppData\Local\Programs\MiKTeX 2.9\tex\latex\l3packages\xpa
rse\xparse.sty"
Package: xparse 2016/04/20 v6476 L3 Experimental document command parser
\l__xparse_current_arg_int=\count174
\l__xparse_m_args_int=\count175
\l__xparse_mandatory_args_int=\count176
\l__xparse_processor_int=\count177
\l__xparse_v_nesting_int=\count178
)
Package: chemgreek 2016/01/07 v1.0d interfaceforuprightgreeklettersforuseinchem
istry (CN)
\l__chemgreek_tmpa_int=\count179
\g__chemgreek_tmpa_int=\count180
.................................................
. LaTeX info: "xparse/define-command"
. 
. Defining command \newchemgreekmapping with sig. 'O{}mm' on line 336.
.................................................
.................................................
. LaTeX info: "xparse/define-command"
. 
. Defining command \renewchemgreekmapping with sig. 'O{}mm' on line 339.
.................................................
.................................................
. LaTeX info: "xparse/define-command"
. 
. Defining command \declarechemgreekmapping with sig. 'O{}mm' on line 342.
.................................................
.................................................
. LaTeX info: "xparse/define-command"
. 
. Defining command \newchemgreekmappingalias with sig. 'mm' on line 347.
.................................................
.................................................
. LaTeX info: "xparse/define-command"
. 
. Defining command \renewchemgreekmappingalias with sig. 'mm' on line 350.
.................................................
.................................................
. LaTeX info: "xparse/define-command"
. 
. Defining command \declarechemgreekmappingalias with sig. 'mm' on line 353.
.................................................
.................................................
. LaTeX info: "xparse/define-command"
. 
. Defining command \changechemgreeksymbol with sig. 'mmmm' on line 383.
.................................................
.................................................
. LaTeX info: "xparse/define-command"
. 
. Defining command \chemgreekmappingsymbol with sig. 'mm' on line 477.
.................................................
.................................................
. LaTeX info: "xparse/define-command"
. 
. Defining command \activatechemgreekmapping with sig. 'sm' on line 486.
.................................................
.................................................
. LaTeX info: "xparse/define-command"
. 
. Defining command \selectchemgreekmapping with sig. 'm' on line 491.
.................................................
)
\l__mhchem_ce_distanceFromLastComma_int=\count181
\__mhchem_arrow_extPgfLength_skip=\skip64
\mhchem@minispace@tmp=\skip65
\mhchem@minibackspace@tmp=\skip66
\mhchem@bondwidth=\skip67
\mhchem@bondheight=\skip68
\mhchem@smallbondwidth@tmpA=\skip69
\mhchem@smallbondwidth@tmpB=\skip70
\mhchem@smallbondwidth=\skip71
\mhchem@bondtmp@minussidebearingleft=\skip72
\mhchem@bondtmp@minussidebearingright=\skip73
\l__mhchem_option_version_int=\count182
\mhchem@option@minusmathsidebearingleft=\dimen155
\mhchem@option@minusmathsidebearingright=\dimen156
\mhchem@option@minustextsidebearingleft=\dimen157
\mhchem@option@minustextsidebearingright=\dimen158
)
("C:\Users\andre_000\AppData\Local\Programs\MiKTeX 2.9\tex\latex\sectsty\sectst
y.sty"
Package: sectsty 2002/02/25 v2.0.2 Commands to change all sectional heading sty
les
)
("C:\Users\andre_000\AppData\Local\Programs\MiKTeX 2.9\tex\latex\tools\array.st
y"
Package: array 2014/10/28 v2.4c Tabular extension package (FMi)
\col@sep=\dimen159
\extrarowheight=\dimen160
\NC@list=\toks22
\extratabsurround=\skip74
\backup@length=\skip75
)
("C:\Users\andre_000\AppData\Local\Programs\MiKTeX 2.9\tex\latex\caption\captio
n.sty"
Package: caption 2016/02/21 v3.3-144 Customizing captions (AR)

("C:\Users\andre_000\AppData\Local\Programs\MiKTeX 2.9\tex\latex\caption\captio
n3.sty"
Package: caption3 2016/02/04 v1.7-139 caption3 kernel (AR)
Package caption3 Info: TeX engine: e-TeX on input line 67.
\captionmargin=\dimen161
\captionmargin@=\dimen162
\captionwidth=\dimen163
\caption@tempdima=\dimen164
\caption@indent=\dimen165
\caption@parindent=\dimen166
\caption@hangindent=\dimen167
)
\c@ContinuedFloat=\count183
)
("C:\Users\andre_000\AppData\Local\Programs\MiKTeX 2.9\tex\latex\float\float.st
y"
Package: float 2001/11/08 v1.3d Float enhancements (AL)
\c@float@type=\count184
\float@exts=\toks23
\float@box=\box43
\@float@everytoks=\toks24
\@floatcapt=\box44
) (CS155HW_1.aux)
\openout1 = `CS155HW_1.aux'.

LaTeX Font Info:    Checking defaults for OML/cmm/m/it on input line 23.
LaTeX Font Info:    ... okay on input line 23.
LaTeX Font Info:    Checking defaults for T1/cmr/m/n on input line 23.
LaTeX Font Info:    ... okay on input line 23.
LaTeX Font Info:    Checking defaults for OT1/cmr/m/n on input line 23.
LaTeX Font Info:    ... okay on input line 23.
LaTeX Font Info:    Checking defaults for OMS/cmsy/m/n on input line 23.
LaTeX Font Info:    ... okay on input line 23.
LaTeX Font Info:    Checking defaults for OMX/cmex/m/n on input line 23.
LaTeX Font Info:    ... okay on input line 23.
LaTeX Font Info:    Checking defaults for U/cmr/m/n on input line 23.
LaTeX Font Info:    ... okay on input line 23.

*geometry* driver: auto-detecting
*geometry* detected driver: pdftex
*geometry* verbose mode - [ preamble ] result:
* driver: pdftex
* paper: <default>
* layout: <same size as paper>
* layoutoffset:(h,v)=(0.0pt,0.0pt)
* modes: 
* h-part:(L,W,R)=(72.26999pt, 469.75502pt, 72.26999pt)
* v-part:(T,H,B)=(72.26999pt, 650.43001pt, 72.26999pt)
* \paperwidth=614.295pt
* \paperheight=794.96999pt
* \textwidth=469.75502pt
* \textheight=650.43001pt
* \oddsidemargin=0.0pt
* \evensidemargin=0.0pt
* \topmargin=-37.0pt
* \headheight=12.0pt
* \headsep=25.0pt
* \topskip=12.0pt
* \footskip=30.0pt
* \marginparwidth=44.0pt
* \marginparsep=10.0pt
* \columnsep=10.0pt
* \skip\footins=10.8pt plus 4.0pt minus 2.0pt
* \hoffset=0.0pt
* \voffset=0.0pt
* \mag=1000
* \@twocolumnfalse
* \@twosidefalse
* \@mparswitchfalse
* \@reversemarginfalse
* (1in=72.27pt=25.4mm, 1cm=28.453pt)


("C:\Users\andre_000\AppData\Local\Programs\MiKTeX 2.9\tex\context\base\supp-pd
f.mkii"
[Loading MPS to PDF converter (version 2006.09.02).]
\scratchcounter=\count185
\scratchdimen=\dimen168
\scratchbox=\box45
\nofMPsegments=\count186
\nofMParguments=\count187
\everyMPshowfont=\toks25
\MPscratchCnt=\count188
\MPscratchDim=\dimen169
\MPnumerator=\count189
\makeMPintoPDFobject=\count190
\everyMPtoPDFconversion=\toks26
)
.................................................
. chemgreek info: "mapping-activated"
. 
. Activating mapping `default' on line 23.
.................................................
Package caption Info: Begin \AtBeginDocument code.
Package caption Info: float package is loaded.
Package caption Info: End \AtBeginDocument code.


LaTeX Font Warning: Font shape `OT1/cmr/bx/n' in size <15> not available
(Font)              size <14.4> substituted on input line 25.


Underfull \hbox (badness 10000) in paragraph at lines 30--31

 []


Underfull \hbox (badness 10000) in paragraph at lines 32--33

 []


Underfull \hbox (badness 10000) in paragraph at lines 34--35

 []


Underfull \hbox (badness 10000) in paragraph at lines 36--37

 []


Underfull \hbox (badness 10000) in paragraph at lines 38--39

 []


Underfull \hbox (badness 10000) in paragraph at lines 40--41

 []


Underfull \hbox (badness 10000) in paragraph at lines 42--43

 []


Package Fancyhdr Warning: \headheight is too small (12.0pt): 
 Make it at least 14.49998pt.
 We now make it that large for the rest of the document.
 This may cause the page layout to be inconsistent, however.

[1{C:/Users/andre_000/AppData/Local/MiKTeX/2.9/pdftex/config/pdftex.map}

]
Overfull \hbox (4.2652pt too wide) detected at line 55
\OT1/cmr/m/n/12 = \OML/cmm/m/it/12 E[][]E[][]\OT1/cmr/m/n/12 (\OML/cmm/m/it/12 
f[]\OT1/cmr/m/n/12 (\OML/cmm/m/it/12 x\OT1/cmr/m/n/12 ) \OMS/cmsy/m/n/12   \OML
/cmm/m/it/12 F\OT1/cmr/m/n/12 (\OML/cmm/m/it/12 x\OT1/cmr/m/n/12 ))[][][] + \OM
L/cmm/m/it/12 E[][]E[][]\OT1/cmr/m/n/12 (\OML/cmm/m/it/12 F\OT1/cmr/m/n/12 (\OM
L/cmm/m/it/12 x\OT1/cmr/m/n/12 ) \OMS/cmsy/m/n/12   \OML/cmm/m/it/12 y\OT1/cmr/
m/n/12 (\OML/cmm/m/it/12 x\OT1/cmr/m/n/12 )[][][] + \OML/cmm/m/it/12 E[][]E[][]
\OT1/cmr/m/n/12 (2(\OML/cmm/m/it/12 f[]\OT1/cmr/m/n/12 (\OML/cmm/m/it/12 x\OT1/
cmr/m/n/12 ) \OMS/cmsy/m/n/12   \OML/cmm/m/it/12 F\OT1/cmr/m/n/12 (\OML/cmm/m/i
t/12 x\OT1/cmr/m/n/12 ))(\OML/cmm/m/it/12 F\OT1/cmr/m/n/12 (\OML/cmm/m/it/12 x\
OT1/cmr/m/n/12 ) \OMS/cmsy/m/n/12   \OML/cmm/m/it/12 y\OT1/cmr/m/n/12 (\OML/cmm
/m/it/12 x\OT1/cmr/m/n/12 ))[][]
 []


Underfull \hbox (badness 10000) in paragraph at lines 59--61

 []

<LearningCurves.png, id=10, 992.20688pt x 516.42938pt>
File: LearningCurves.png Graphic file (type png)

<use LearningCurves.png>
Package pdftex.def Info: LearningCurves.png used on input line 65.
(pdftex.def)             Requested size: 483.69684pt x 251.76027pt.

Overfull \hbox (13.94182pt too wide) in paragraph at lines 65--66
[][] 
 []


Underfull \hbox (badness 10000) in paragraph at lines 68--69

 []


Package Fancyhdr Warning: \headheight is too small (12.0pt): 
 Make it at least 14.49998pt.
 We now make it that large for the rest of the document.
 This may cause the page layout to be inconsistent, however.

[2 <./LearningCurves.png>]
Underfull \hbox (badness 10000) in paragraph at lines 70--71

 []


Underfull \hbox (badness 10000) in paragraph at lines 72--73

 []


Underfull \hbox (badness 10000) in paragraph at lines 74--75

 []


Underfull \hbox (badness 10000) in paragraph at lines 92--93

 []


Underfull \hbox (badness 10000) in paragraph at lines 94--99

 []


Package Fancyhdr Warning: \headheight is too small (12.0pt): 
 Make it at least 14.49998pt.
 We now make it that large for the rest of the document.
 This may cause the page layout to be inconsistent, however.

[3]
Underfull \hbox (badness 10000) in paragraph at lines 105--106

 []


Underfull \hbox (badness 10000) in paragraph at lines 107--108

 []


Underfull \hbox (badness 10000) in paragraph at lines 114--115

 []

<TrainingErrorEpochs.png, id=21, 1022.31938pt x 520.44438pt>
File: TrainingErrorEpochs.png Graphic file (type png)

<use TrainingErrorEpochs.png>
Package pdftex.def Info: TrainingErrorEpochs.png used on input line 118.
(pdftex.def)             Requested size: 483.69684pt x 246.23686pt.

Overfull \hbox (13.94182pt too wide) in paragraph at lines 118--119
[][] 
 []


Underfull \hbox (badness 10000) in paragraph at lines 121--122

 []


Package Fancyhdr Warning: \headheight is too small (12.0pt): 
 Make it at least 14.49998pt.
 We now make it that large for the rest of the document.
 This may cause the page layout to be inconsistent, however.

[4 <./TrainingErrorEpochs.png>]
Underfull \hbox (badness 10000) in paragraph at lines 123--124

 []


Underfull \hbox (badness 10000) in paragraph at lines 125--126

 []


Underfull \hbox (badness 10000) in paragraph at lines 127--128

 []


Package Fancyhdr Warning: \headheight is too small (12.0pt): 
 Make it at least 14.49998pt.
 We now make it that large for the rest of the document.
 This may cause the page layout to be inconsistent, however.

[5] (CS155HW_1.aux)

LaTeX Font Warning: Size substitutions with differences
(Font)              up to 0.6pt have occurred.

 ) 
Here is how much of TeX's memory you used:
 12414 strings out of 493634
 238569 string characters out of 3133607
 297438 words of memory out of 3000000
 15732 multiletter control sequences out of 15000+200000
 9189 words of font info for 33 fonts, out of 3000000 for 9000
 1025 hyphenation exceptions out of 8191
 40i,11n,44p,10363b,338s stack positions out of 5000i,500n,10000p,200000b,50000s
<C:/Users/andre_000/AppData/Local/Programs/MiKTeX 2.9/fonts/type1/public/amsf
onts/cm/cmbx12.pfb><C:/Users/andre_000/AppData/Local/Programs/MiKTeX 2.9/fonts/
type1/public/amsfonts/cm/cmex10.pfb><C:/Users/andre_000/AppData/Local/Programs/
MiKTeX 2.9/fonts/type1/public/amsfonts/cm/cmmi12.pfb><C:/Users/andre_000/AppDat
a/Local/Programs/MiKTeX 2.9/fonts/type1/public/amsfonts/cm/cmmi8.pfb><C:/Users/
andre_000/AppData/Local/Programs/MiKTeX 2.9/fonts/type1/public/amsfonts/cm/cmr1
2.pfb><C:/Users/andre_000/AppData/Local/Programs/MiKTeX 2.9/fonts/type1/public/
amsfonts/cm/cmr8.pfb><C:/Users/andre_000/AppData/Local/Programs/MiKTeX 2.9/font
s/type1/public/amsfonts/cm/cmsy10.pfb>
Output written on CS155HW_1.pdf (5 pages, 346606 bytes).
PDF statistics:
 51 PDF objects out of 1000 (max. 8388607)
 0 named destinations out of 1000 (max. 500000)
 11 words of extra memory for PDF output out of 10000 (max. 10000000)

