This is pdfTeX, Version 3.14159265-2.6-1.40.16 (MiKTeX 2.9) (preloaded format=pdflatex 2016.4.23)  10 JAN 2017 13:46
entering extended mode
**./template.tex
(template.tex
LaTeX2e <2015/10/01> patch level 2
Babel <3.9n> and hyphenation patterns for 69 languages loaded.
(preamble.tex
("C:\Users\andre_000\AppData\Local\Programs\MiKTeX 2.9\tex\latex\base\article.c
ls"
Document Class: article 2014/09/29 v1.4h Standard LaTeX document class

("C:\Users\andre_000\AppData\Local\Programs\MiKTeX 2.9\tex\latex\base\size10.cl
o"
File: size10.clo 2014/09/29 v1.4h Standard LaTeX file (size option)
)
\c@part=\count79
\c@section=\count80
\c@subsection=\count81
\c@subsubsection=\count82
\c@paragraph=\count83
\c@subparagraph=\count84
\c@figure=\count85
\c@table=\count86
\abovecaptionskip=\skip41
\belowcaptionskip=\skip42
\bibindent=\dimen102
)
("C:\Users\andre_000\AppData\Local\Programs\MiKTeX 2.9\tex\latex\listings\listi
ngs.sty"
("C:\Users\andre_000\AppData\Local\Programs\MiKTeX 2.9\tex\latex\graphics\keyva
l.sty"
Package: keyval 2014/10/28 v1.15 key=value parser (DPC)
\KV@toks@=\toks14
)
\lst@mode=\count87
\lst@gtempboxa=\box26
\lst@token=\toks15
\lst@length=\count88
\lst@currlwidth=\dimen103
\lst@column=\count89
\lst@pos=\count90
\lst@lostspace=\dimen104
\lst@width=\dimen105
\lst@newlines=\count91
\lst@lineno=\count92
\lst@maxwidth=\dimen106

("C:\Users\andre_000\AppData\Local\Programs\MiKTeX 2.9\tex\latex\listings\lstmi
sc.sty"
File: lstmisc.sty 2015/06/04 1.6 (Carsten Heinz)
\c@lstnumber=\count93
\lst@skipnumbers=\count94
\lst@framebox=\box27
)
("C:\Users\andre_000\AppData\Local\Programs\MiKTeX 2.9\tex\latex\listings\listi
ngs.cfg"
File: listings.cfg 2015/06/04 1.6 listings configuration
))
Package: listings 2015/06/04 1.6 (Carsten Heinz)

("C:\Users\andre_000\AppData\Local\Programs\MiKTeX 2.9\tex\latex\amsmath\amsmat
h.sty"
Package: amsmath 2013/01/14 v2.14 AMS math features
\@mathmargin=\skip43

For additional information on amsmath, use the `?' option.

("C:\Users\andre_000\AppData\Local\Programs\MiKTeX 2.9\tex\latex\amsmath\amstex
t.sty"
Package: amstext 2000/06/29 v2.01

("C:\Users\andre_000\AppData\Local\Programs\MiKTeX 2.9\tex\latex\amsmath\amsgen
.sty"
File: amsgen.sty 1999/11/30 v2.0
\@emptytoks=\toks16
\ex@=\dimen107
))
("C:\Users\andre_000\AppData\Local\Programs\MiKTeX 2.9\tex\latex\amsmath\amsbsy
.sty"
Package: amsbsy 1999/11/29 v1.2d
\pmbraise@=\dimen108
)
("C:\Users\andre_000\AppData\Local\Programs\MiKTeX 2.9\tex\latex\amsmath\amsopn
.sty"
Package: amsopn 1999/12/14 v2.01 operator names
)
\inf@bad=\count95
LaTeX Info: Redefining \frac on input line 210.
\uproot@=\count96
\leftroot@=\count97
LaTeX Info: Redefining \overline on input line 306.
\classnum@=\count98
\DOTSCASE@=\count99
LaTeX Info: Redefining \ldots on input line 378.
LaTeX Info: Redefining \dots on input line 381.
LaTeX Info: Redefining \cdots on input line 466.
\Mathstrutbox@=\box28
\strutbox@=\box29
\big@size=\dimen109
LaTeX Font Info:    Redeclaring font encoding OML on input line 566.
LaTeX Font Info:    Redeclaring font encoding OMS on input line 567.
\macc@depth=\count100
\c@MaxMatrixCols=\count101
\dotsspace@=\muskip10
\c@parentequation=\count102
\dspbrk@lvl=\count103
\tag@help=\toks17
\row@=\count104
\column@=\count105
\maxfields@=\count106
\andhelp@=\toks18
\eqnshift@=\dimen110
\alignsep@=\dimen111
\tagshift@=\dimen112
\tagwidth@=\dimen113
\totwidth@=\dimen114
\lineht@=\dimen115
\@envbody=\toks19
\multlinegap=\skip44
\multlinetaggap=\skip45
\mathdisplay@stack=\toks20
LaTeX Info: Redefining \[ on input line 2665.
LaTeX Info: Redefining \] on input line 2666.
)
("C:\Users\andre_000\AppData\Local\Programs\MiKTeX 2.9\tex\latex\subfig\subfig.
sty"
Package: subfig 2005/06/28 ver: 1.3 subfig package

("C:\Users\andre_000\AppData\Local\Programs\MiKTeX 2.9\tex\latex\caption\captio
n.sty"
Package: caption 2016/02/21 v3.3-144 Customizing captions (AR)

("C:\Users\andre_000\AppData\Local\Programs\MiKTeX 2.9\tex\latex\caption\captio
n3.sty"
Package: caption3 2016/02/04 v1.7-139 caption3 kernel (AR)
Package caption3 Info: TeX engine: e-TeX on input line 67.
\captionmargin=\dimen116
\captionmargin@=\dimen117
\captionwidth=\dimen118
\caption@tempdima=\dimen119
\caption@indent=\dimen120
\caption@parindent=\dimen121
\caption@hangindent=\dimen122
)
\c@ContinuedFloat=\count107
Package caption Info: listings package is loaded.
)
\c@KVtest=\count108
\sf@farskip=\skip46
\sf@captopadj=\dimen123
\sf@capskip=\skip47
\sf@nearskip=\skip48
\c@subfigure=\count109
\c@subfigure@save=\count110
\c@lofdepth=\count111
\c@subtable=\count112
\c@subtable@save=\count113
\c@lotdepth=\count114
\sf@top=\skip49
\sf@bottom=\skip50
)
("C:\Users\andre_000\AppData\Local\Programs\MiKTeX 2.9\tex\latex\amscls\amsthm.
sty"
Package: amsthm 2015/03/04 v2.20.2
\thm@style=\toks21
\thm@bodyfont=\toks22
\thm@headfont=\toks23
\thm@notefont=\toks24
\thm@headpunct=\toks25
\thm@preskip=\skip51
\thm@postskip=\skip52
\thm@headsep=\skip53
\dth@everypar=\toks26
)
("C:\Users\andre_000\AppData\Local\Programs\MiKTeX 2.9\tex\latex\amsfonts\amssy
mb.sty"
Package: amssymb 2013/01/14 v3.01 AMS font symbols

("C:\Users\andre_000\AppData\Local\Programs\MiKTeX 2.9\tex\latex\amsfonts\amsfo
nts.sty"
Package: amsfonts 2013/01/14 v3.01 Basic AMSFonts support
\symAMSa=\mathgroup4
\symAMSb=\mathgroup5
LaTeX Font Info:    Overwriting math alphabet `\mathfrak' in version `bold'
(Font)                  U/euf/m/n --> U/euf/b/n on input line 106.
))
("C:\Users\andre_000\AppData\Local\Programs\MiKTeX 2.9\tex\latex\graphics\graph
icx.sty"
Package: graphicx 2014/10/28 v1.0g Enhanced LaTeX Graphics (DPC,SPQR)

("C:\Users\andre_000\AppData\Local\Programs\MiKTeX 2.9\tex\latex\graphics\graph
ics.sty"
Package: graphics 2014/10/28 v1.0p Standard LaTeX Graphics (DPC,SPQR)

("C:\Users\andre_000\AppData\Local\Programs\MiKTeX 2.9\tex\latex\graphics\trig.
sty"
Package: trig 1999/03/16 v1.09 sin cos tan (DPC)
)
("C:\Users\andre_000\AppData\Local\Programs\MiKTeX 2.9\tex\latex\00miktex\graph
ics.cfg"
File: graphics.cfg 2007/01/18 v1.5 graphics configuration of teTeX/TeXLive
)
Package graphics Info: Driver file: pdftex.def on input line 94.

("C:\Users\andre_000\AppData\Local\Programs\MiKTeX 2.9\tex\latex\pdftex-def\pdf
tex.def"
File: pdftex.def 2011/05/27 v0.06d Graphics/color for pdfTeX

("C:\Users\andre_000\AppData\Local\Programs\MiKTeX 2.9\tex\generic\oberdiek\inf
warerr.sty"
Package: infwarerr 2010/04/08 v1.3 Providing info/warning/error messages (HO)
)
("C:\Users\andre_000\AppData\Local\Programs\MiKTeX 2.9\tex\generic\oberdiek\ltx
cmds.sty"
Package: ltxcmds 2011/11/09 v1.22 LaTeX kernel commands for general use (HO)
)
\Gread@gobject=\count115
))
\Gin@req@height=\dimen124
\Gin@req@width=\dimen125
)
("C:\Users\andre_000\AppData\Local\Programs\MiKTeX 2.9\tex\latex\mdwtools\mdwli
st.sty"
Package: mdwlist 1996/05/02 1.1 Various list-related things
)
("C:\Users\andre_000\AppData\Local\Programs\MiKTeX 2.9\tex\latex\hyperref\hyper
ref.sty"
Package: hyperref 2012/11/06 v6.83m Hypertext links for LaTeX

("C:\Users\andre_000\AppData\Local\Programs\MiKTeX 2.9\tex\generic\oberdiek\hob
sub-hyperref.sty"
Package: hobsub-hyperref 2012/04/25 v1.12 Bundle oberdiek, subset hyperref (HO)


("C:\Users\andre_000\AppData\Local\Programs\MiKTeX 2.9\tex\generic\oberdiek\hob
sub-generic.sty"
Package: hobsub-generic 2012/04/25 v1.12 Bundle oberdiek, subset generic (HO)
Package: hobsub 2012/04/25 v1.12 Construct package bundles (HO)
Package hobsub Info: Skipping package `infwarerr' (already loaded).
Package hobsub Info: Skipping package `ltxcmds' (already loaded).
Package: ifluatex 2010/03/01 v1.3 Provides the ifluatex switch (HO)
Package ifluatex Info: LuaTeX not detected.
Package: ifvtex 2010/03/01 v1.5 Detect VTeX and its facilities (HO)
Package ifvtex Info: VTeX not detected.
Package: intcalc 2007/09/27 v1.1 Expandable calculations with integers (HO)
Package: ifpdf 2011/01/30 v2.3 Provides the ifpdf switch (HO)
Package ifpdf Info: pdfTeX in PDF mode is detected.
Package: etexcmds 2011/02/16 v1.5 Avoid name clashes with e-TeX commands (HO)
Package etexcmds Info: Could not find \expanded.
(etexcmds)             That can mean that you are not using pdfTeX 1.50 or
(etexcmds)             that some package has redefined \expanded.
(etexcmds)             In the latter case, load this package earlier.
Package: kvsetkeys 2012/04/25 v1.16 Key value parser (HO)
Package: kvdefinekeys 2011/04/07 v1.3 Define keys (HO)
Package: pdftexcmds 2011/11/29 v0.20 Utility functions of pdfTeX for LuaTeX (HO
)
Package pdftexcmds Info: LuaTeX not detected.
Package pdftexcmds Info: \pdf@primitive is available.
Package pdftexcmds Info: \pdf@ifprimitive is available.
Package pdftexcmds Info: \pdfdraftmode found.
Package: pdfescape 2011/11/25 v1.13 Implements pdfTeX's escape features (HO)
Package: bigintcalc 2012/04/08 v1.3 Expandable calculations on big integers (HO
)
Package: bitset 2011/01/30 v1.1 Handle bit-vector datatype (HO)
Package: uniquecounter 2011/01/30 v1.2 Provide unlimited unique counter (HO)
)
Package hobsub Info: Skipping package `hobsub' (already loaded).
Package: letltxmacro 2010/09/02 v1.4 Let assignment for LaTeX macros (HO)
Package: hopatch 2011/06/24 v1.1 Wrapper for package hooks (HO)
Package: xcolor-patch 2011/01/30 xcolor patch
Package: atveryend 2011/06/30 v1.8 Hooks at the very end of document (HO)
Package atveryend Info: \enddocument detected (standard20110627).
Package: atbegshi 2011/10/05 v1.16 At begin shipout hook (HO)
Package: refcount 2011/10/16 v3.4 Data extraction from label references (HO)
Package: hycolor 2011/01/30 v1.7 Color options for hyperref/bookmark (HO)
)
("C:\Users\andre_000\AppData\Local\Programs\MiKTeX 2.9\tex\generic\ifxetex\ifxe
tex.sty"
Package: ifxetex 2010/09/12 v0.6 Provides ifxetex conditional
)
("C:\Users\andre_000\AppData\Local\Programs\MiKTeX 2.9\tex\latex\oberdiek\auxho
ok.sty"
Package: auxhook 2011/03/04 v1.3 Hooks for auxiliary files (HO)
)
("C:\Users\andre_000\AppData\Local\Programs\MiKTeX 2.9\tex\latex\oberdiek\kvopt
ions.sty"
Package: kvoptions 2011/06/30 v3.11 Key value format for package options (HO)
)
\@linkdim=\dimen126
\Hy@linkcounter=\count116
\Hy@pagecounter=\count117

("C:\Users\andre_000\AppData\Local\Programs\MiKTeX 2.9\tex\latex\hyperref\pd1en
c.def"
File: pd1enc.def 2012/11/06 v6.83m Hyperref: PDFDocEncoding definition (HO)
)
\Hy@SavedSpaceFactor=\count118

("C:\Users\andre_000\AppData\Local\Programs\MiKTeX 2.9\tex\latex\00miktex\hyper
ref.cfg"
File: hyperref.cfg 2002/06/06 v1.2 hyperref configuration of TeXLive
)
Package hyperref Info: Option `colorlinks' set `true' on input line 4319.
Package hyperref Info: Hyper figures OFF on input line 4443.
Package hyperref Info: Link nesting OFF on input line 4448.
Package hyperref Info: Hyper index ON on input line 4451.
Package hyperref Info: Plain pages OFF on input line 4458.
Package hyperref Info: Backreferencing OFF on input line 4463.
Package hyperref Info: Implicit mode ON; LaTeX internals redefined.
Package hyperref Info: Bookmarks ON on input line 4688.
\c@Hy@tempcnt=\count119

("C:\Users\andre_000\AppData\Local\Programs\MiKTeX 2.9\tex\latex\url\url.sty"
\Urlmuskip=\muskip11
Package: url 2013/09/16  ver 3.4  Verb mode for urls, etc.
)
LaTeX Info: Redefining \url on input line 5041.
\XeTeXLinkMargin=\dimen127
\Fld@menulength=\count120
\Field@Width=\dimen128
\Fld@charsize=\dimen129
Package hyperref Info: Hyper figures OFF on input line 6295.
Package hyperref Info: Link nesting OFF on input line 6300.
Package hyperref Info: Hyper index ON on input line 6303.
Package hyperref Info: backreferencing OFF on input line 6310.
Package hyperref Info: Link coloring ON on input line 6313.
Package hyperref Info: Link coloring with OCG OFF on input line 6320.
Package hyperref Info: PDF/A mode OFF on input line 6325.
LaTeX Info: Redefining \ref on input line 6365.
LaTeX Info: Redefining \pageref on input line 6369.
\Hy@abspage=\count121
\c@Item=\count122
\c@Hfootnote=\count123
)

Package hyperref Message: Driver (autodetected): hpdftex.


("C:\Users\andre_000\AppData\Local\Programs\MiKTeX 2.9\tex\latex\hyperref\hpdft
ex.def"
File: hpdftex.def 2012/11/06 v6.83m Hyperref driver for pdfTeX
\Fld@listcount=\count124
\c@bookmark@seq@number=\count125

("C:\Users\andre_000\AppData\Local\Programs\MiKTeX 2.9\tex\latex\oberdiek\rerun
filecheck.sty"
Package: rerunfilecheck 2011/04/15 v1.7 Rerun checks for auxiliary files (HO)
Package uniquecounter Info: New unique counter `rerunfilecheck' on input line 2
82.
)
\Hy@SectionHShift=\skip54
)
("C:\Users\andre_000\AppData\Local\Programs\MiKTeX 2.9\tex\latex\geometry\geome
try.sty"
Package: geometry 2010/09/12 v5.6 Page Geometry
\Gm@cnth=\count126
\Gm@cntv=\count127
\c@Gm@tempcnt=\count128
\Gm@bindingoffset=\dimen130
\Gm@wd@mp=\dimen131
\Gm@odd@mp=\dimen132
\Gm@even@mp=\dimen133
\Gm@layoutwidth=\dimen134
\Gm@layoutheight=\dimen135
\Gm@layouthoffset=\dimen136
\Gm@layoutvoffset=\dimen137
\Gm@dimlist=\toks27

("C:\Users\andre_000\AppData\Local\Programs\MiKTeX 2.9\tex\latex\geometry\geome
try.cfg"))
("C:\Users\andre_000\AppData\Local\Programs\MiKTeX 2.9\tex\latex\titlesec\title
sec.sty"
Package: titlesec 2016/03/21 v2.10.2 Sectioning titles
\ttl@box=\box30
\beforetitleunit=\skip55
\aftertitleunit=\skip56
\ttl@plus=\dimen138
\ttl@minus=\dimen139
\ttl@toksa=\toks28
\titlewidth=\dimen140
\titlewidthlast=\dimen141
\titlewidthfirst=\dimen142
)
("C:\Users\andre_000\AppData\Local\Programs\MiKTeX 2.9\tex\latex\psnfss\palatin
o.sty"
Package: palatino 2005/04/12 PSNFSS-v9.2a (SPQR) 
)
("C:\Users\andre_000\AppData\Local\Programs\MiKTeX 2.9\tex\latex\jknappen\mathr
sfs.sty"
Package: mathrsfs 1996/01/01 Math RSFS package v1.0 (jk)
\symrsfs=\mathgroup6
)
("C:\Users\andre_000\AppData\Local\Programs\MiKTeX 2.9\tex\latex\fancyhdr\fancy
hdr.sty"
\fancy@headwidth=\skip57
\f@ncyO@elh=\skip58
\f@ncyO@erh=\skip59
\f@ncyO@olh=\skip60
\f@ncyO@orh=\skip61
\f@ncyO@elf=\skip62
\f@ncyO@erf=\skip63
\f@ncyO@olf=\skip64
\f@ncyO@orf=\skip65
)
("C:\Users\andre_000\AppData\Local\Programs\MiKTeX 2.9\tex\latex\paralist\paral
ist.sty"
Package: paralist 2016/08/07 v2.6 Extended list environments
\pltopsep=\skip66
\plpartopsep=\skip67
\plitemsep=\skip68
\plparsep=\skip69
\pl@lab=\toks29
)
("C:\Users\andre_000\AppData\Local\Programs\MiKTeX 2.9\tex\latex\todonotes\todo
notes.sty"
Package: todonotes 2015/07/09 .dtx Todonotes source and documentation.
Package: todonotes 2012/07/25

("C:\Users\andre_000\AppData\Local\Programs\MiKTeX 2.9\tex\latex\base\ifthen.st
y"
Package: ifthen 2014/09/29 v1.1c Standard LaTeX ifthen package (DPC)
)
("C:\Users\andre_000\AppData\Local\Programs\MiKTeX 2.9\tex\latex\xkeyval\xkeyva
l.sty"
Package: xkeyval 2014/12/03 v2.7a package option processing (HA)

("C:\Users\andre_000\AppData\Local\Programs\MiKTeX 2.9\tex\generic\xkeyval\xkey
val.tex"
("C:\Users\andre_000\AppData\Local\Programs\MiKTeX 2.9\tex\generic\xkeyval\xkvu
tils.tex"
\XKV@toks=\toks30
\XKV@tempa@toks=\toks31
)
\XKV@depth=\count129
File: xkeyval.tex 2014/12/03 v2.7a key=value parser (HA)
))
("C:\Users\andre_000\AppData\Local\Programs\MiKTeX 2.9\tex\latex\xcolor\xcolor.
sty"
Package: xcolor 2007/01/21 v2.11 LaTeX color extensions (UK)

("C:\Users\andre_000\AppData\Local\Programs\MiKTeX 2.9\tex\latex\00miktex\color
.cfg"
File: color.cfg 2007/01/18 v1.5 color configuration of teTeX/TeXLive
)
Package xcolor Info: Driver file: pdftex.def on input line 225.
Package xcolor Info: Model `cmy' substituted by `cmy0' on input line 1337.
Package xcolor Info: Model `hsb' substituted by `rgb' on input line 1341.
Package xcolor Info: Model `RGB' extended on input line 1353.
Package xcolor Info: Model `HTML' substituted by `rgb' on input line 1355.
Package xcolor Info: Model `Hsb' substituted by `hsb' on input line 1356.
Package xcolor Info: Model `tHsb' substituted by `hsb' on input line 1357.
Package xcolor Info: Model `HSB' substituted by `hsb' on input line 1358.
Package xcolor Info: Model `Gray' substituted by `gray' on input line 1359.
Package xcolor Info: Model `wave' substituted by `hsb' on input line 1360.
)
("C:\Users\andre_000\AppData\Local\Programs\MiKTeX 2.9\tex\latex\pgf\frontendla
yer\tikz.sty"
("C:\Users\andre_000\AppData\Local\Programs\MiKTeX 2.9\tex\latex\pgf\basiclayer
\pgf.sty"
("C:\Users\andre_000\AppData\Local\Programs\MiKTeX 2.9\tex\latex\pgf\utilities\
pgfrcs.sty"
("C:\Users\andre_000\AppData\Local\Programs\MiKTeX 2.9\tex\generic\pgf\utilitie
s\pgfutil-common.tex"
\pgfutil@everybye=\toks32
\pgfutil@tempdima=\dimen143
\pgfutil@tempdimb=\dimen144

("C:\Users\andre_000\AppData\Local\Programs\MiKTeX 2.9\tex\generic\pgf\utilitie
s\pgfutil-common-lists.tex"))
("C:\Users\andre_000\AppData\Local\Programs\MiKTeX 2.9\tex\generic\pgf\utilitie
s\pgfutil-latex.def"
\pgfutil@abb=\box31

("C:\Users\andre_000\AppData\Local\Programs\MiKTeX 2.9\tex\latex\ms\everyshi.st
y"
Package: everyshi 2001/05/15 v3.00 EveryShipout Package (MS)
))
("C:\Users\andre_000\AppData\Local\Programs\MiKTeX 2.9\tex\generic\pgf\utilitie
s\pgfrcs.code.tex"
Package: pgfrcs 2015/08/07 v3.0.1a (rcs-revision 1.31)
))
Package: pgf 2015/08/07 v3.0.1a (rcs-revision 1.15)

("C:\Users\andre_000\AppData\Local\Programs\MiKTeX 2.9\tex\latex\pgf\basiclayer
\pgfcore.sty"
("C:\Users\andre_000\AppData\Local\Programs\MiKTeX 2.9\tex\latex\pgf\systemlaye
r\pgfsys.sty"
("C:\Users\andre_000\AppData\Local\Programs\MiKTeX 2.9\tex\generic\pgf\systemla
yer\pgfsys.code.tex"
Package: pgfsys 2014/07/09 v3.0.1a (rcs-revision 1.48)

("C:\Users\andre_000\AppData\Local\Programs\MiKTeX 2.9\tex\generic\pgf\utilitie
s\pgfkeys.code.tex"
\pgfkeys@pathtoks=\toks33
\pgfkeys@temptoks=\toks34

("C:\Users\andre_000\AppData\Local\Programs\MiKTeX 2.9\tex\generic\pgf\utilitie
s\pgfkeysfiltered.code.tex"
\pgfkeys@tmptoks=\toks35
))
\pgf@x=\dimen145
\pgf@y=\dimen146
\pgf@xa=\dimen147
\pgf@ya=\dimen148
\pgf@xb=\dimen149
\pgf@yb=\dimen150
\pgf@xc=\dimen151
\pgf@yc=\dimen152
\w@pgf@writea=\write3
\r@pgf@reada=\read1
\c@pgf@counta=\count130
\c@pgf@countb=\count131
\c@pgf@countc=\count132
\c@pgf@countd=\count133
\t@pgf@toka=\toks36
\t@pgf@tokb=\toks37
\t@pgf@tokc=\toks38

("C:\Users\andre_000\AppData\Local\Programs\MiKTeX 2.9\tex\generic\pgf\systemla
yer\pgf.cfg"
File: pgf.cfg 2008/05/14  (rcs-revision 1.7)
)
Driver file for pgf: pgfsys-pdftex.def

("C:\Users\andre_000\AppData\Local\Programs\MiKTeX 2.9\tex\generic\pgf\systemla
yer\pgfsys-pdftex.def"
File: pgfsys-pdftex.def 2014/10/11  (rcs-revision 1.35)

("C:\Users\andre_000\AppData\Local\Programs\MiKTeX 2.9\tex\generic\pgf\systemla
yer\pgfsys-common-pdf.def"
File: pgfsys-common-pdf.def 2013/10/10  (rcs-revision 1.13)
)))
("C:\Users\andre_000\AppData\Local\Programs\MiKTeX 2.9\tex\generic\pgf\systemla
yer\pgfsyssoftpath.code.tex"
File: pgfsyssoftpath.code.tex 2013/09/09  (rcs-revision 1.9)
\pgfsyssoftpath@smallbuffer@items=\count134
\pgfsyssoftpath@bigbuffer@items=\count135
)
("C:\Users\andre_000\AppData\Local\Programs\MiKTeX 2.9\tex\generic\pgf\systemla
yer\pgfsysprotocol.code.tex"
File: pgfsysprotocol.code.tex 2006/10/16  (rcs-revision 1.4)
))
("C:\Users\andre_000\AppData\Local\Programs\MiKTeX 2.9\tex\generic\pgf\basiclay
er\pgfcore.code.tex"
Package: pgfcore 2010/04/11 v3.0.1a (rcs-revision 1.7)

("C:\Users\andre_000\AppData\Local\Programs\MiKTeX 2.9\tex\generic\pgf\math\pgf
math.code.tex"
("C:\Users\andre_000\AppData\Local\Programs\MiKTeX 2.9\tex\generic\pgf\math\pgf
mathcalc.code.tex"
("C:\Users\andre_000\AppData\Local\Programs\MiKTeX 2.9\tex\generic\pgf\math\pgf
mathutil.code.tex")
("C:\Users\andre_000\AppData\Local\Programs\MiKTeX 2.9\tex\generic\pgf\math\pgf
mathparser.code.tex"
\pgfmath@dimen=\dimen153
\pgfmath@count=\count136
\pgfmath@box=\box32
\pgfmath@toks=\toks39
\pgfmath@stack@operand=\toks40
\pgfmath@stack@operation=\toks41
)
("C:\Users\andre_000\AppData\Local\Programs\MiKTeX 2.9\tex\generic\pgf\math\pgf
mathfunctions.code.tex"
("C:\Users\andre_000\AppData\Local\Programs\MiKTeX 2.9\tex\generic\pgf\math\pgf
mathfunctions.basic.code.tex")
("C:\Users\andre_000\AppData\Local\Programs\MiKTeX 2.9\tex\generic\pgf\math\pgf
mathfunctions.trigonometric.code.tex")
("C:\Users\andre_000\AppData\Local\Programs\MiKTeX 2.9\tex\generic\pgf\math\pgf
mathfunctions.random.code.tex")
("C:\Users\andre_000\AppData\Local\Programs\MiKTeX 2.9\tex\generic\pgf\math\pgf
mathfunctions.comparison.code.tex")
("C:\Users\andre_000\AppData\Local\Programs\MiKTeX 2.9\tex\generic\pgf\math\pgf
mathfunctions.base.code.tex")
("C:\Users\andre_000\AppData\Local\Programs\MiKTeX 2.9\tex\generic\pgf\math\pgf
mathfunctions.round.code.tex")
("C:\Users\andre_000\AppData\Local\Programs\MiKTeX 2.9\tex\generic\pgf\math\pgf
mathfunctions.misc.code.tex")
("C:\Users\andre_000\AppData\Local\Programs\MiKTeX 2.9\tex\generic\pgf\math\pgf
mathfunctions.integerarithmetics.code.tex")))
("C:\Users\andre_000\AppData\Local\Programs\MiKTeX 2.9\tex\generic\pgf\math\pgf
mathfloat.code.tex"
\c@pgfmathroundto@lastzeros=\count137
))
("C:\Users\andre_000\AppData\Local\Programs\MiKTeX 2.9\tex\generic\pgf\basiclay
er\pgfcorepoints.code.tex"
File: pgfcorepoints.code.tex 2013/10/07  (rcs-revision 1.27)
\pgf@picminx=\dimen154
\pgf@picmaxx=\dimen155
\pgf@picminy=\dimen156
\pgf@picmaxy=\dimen157
\pgf@pathminx=\dimen158
\pgf@pathmaxx=\dimen159
\pgf@pathminy=\dimen160
\pgf@pathmaxy=\dimen161
\pgf@xx=\dimen162
\pgf@xy=\dimen163
\pgf@yx=\dimen164
\pgf@yy=\dimen165
\pgf@zx=\dimen166
\pgf@zy=\dimen167
)
("C:\Users\andre_000\AppData\Local\Programs\MiKTeX 2.9\tex\generic\pgf\basiclay
er\pgfcorepathconstruct.code.tex"
File: pgfcorepathconstruct.code.tex 2013/10/07  (rcs-revision 1.29)
\pgf@path@lastx=\dimen168
\pgf@path@lasty=\dimen169
)
("C:\Users\andre_000\AppData\Local\Programs\MiKTeX 2.9\tex\generic\pgf\basiclay
er\pgfcorepathusage.code.tex"
File: pgfcorepathusage.code.tex 2014/11/02  (rcs-revision 1.24)
\pgf@shorten@end@additional=\dimen170
\pgf@shorten@start@additional=\dimen171
)
("C:\Users\andre_000\AppData\Local\Programs\MiKTeX 2.9\tex\generic\pgf\basiclay
er\pgfcorescopes.code.tex"
File: pgfcorescopes.code.tex 2015/05/08  (rcs-revision 1.46)
\pgfpic=\box33
\pgf@hbox=\box34
\pgf@layerbox@main=\box35
\pgf@picture@serial@count=\count138
)
("C:\Users\andre_000\AppData\Local\Programs\MiKTeX 2.9\tex\generic\pgf\basiclay
er\pgfcoregraphicstate.code.tex"
File: pgfcoregraphicstate.code.tex 2014/11/02  (rcs-revision 1.12)
\pgflinewidth=\dimen172
)
("C:\Users\andre_000\AppData\Local\Programs\MiKTeX 2.9\tex\generic\pgf\basiclay
er\pgfcoretransformations.code.tex"
File: pgfcoretransformations.code.tex 2015/08/07  (rcs-revision 1.20)
\pgf@pt@x=\dimen173
\pgf@pt@y=\dimen174
\pgf@pt@temp=\dimen175
)
("C:\Users\andre_000\AppData\Local\Programs\MiKTeX 2.9\tex\generic\pgf\basiclay
er\pgfcorequick.code.tex"
File: pgfcorequick.code.tex 2008/10/09  (rcs-revision 1.3)
)
("C:\Users\andre_000\AppData\Local\Programs\MiKTeX 2.9\tex\generic\pgf\basiclay
er\pgfcoreobjects.code.tex"
File: pgfcoreobjects.code.tex 2006/10/11  (rcs-revision 1.2)
)
("C:\Users\andre_000\AppData\Local\Programs\MiKTeX 2.9\tex\generic\pgf\basiclay
er\pgfcorepathprocessing.code.tex"
File: pgfcorepathprocessing.code.tex 2013/09/09  (rcs-revision 1.9)
)
("C:\Users\andre_000\AppData\Local\Programs\MiKTeX 2.9\tex\generic\pgf\basiclay
er\pgfcorearrows.code.tex"
File: pgfcorearrows.code.tex 2015/05/14  (rcs-revision 1.43)
\pgfarrowsep=\dimen176
)
("C:\Users\andre_000\AppData\Local\Programs\MiKTeX 2.9\tex\generic\pgf\basiclay
er\pgfcoreshade.code.tex"
File: pgfcoreshade.code.tex 2013/07/15  (rcs-revision 1.15)
\pgf@max=\dimen177
\pgf@sys@shading@range@num=\count139
)
("C:\Users\andre_000\AppData\Local\Programs\MiKTeX 2.9\tex\generic\pgf\basiclay
er\pgfcoreimage.code.tex"
File: pgfcoreimage.code.tex 2013/07/15  (rcs-revision 1.18)

("C:\Users\andre_000\AppData\Local\Programs\MiKTeX 2.9\tex\generic\pgf\basiclay
er\pgfcoreexternal.code.tex"
File: pgfcoreexternal.code.tex 2014/07/09  (rcs-revision 1.21)
\pgfexternal@startupbox=\box36
))
("C:\Users\andre_000\AppData\Local\Programs\MiKTeX 2.9\tex\generic\pgf\basiclay
er\pgfcorelayers.code.tex"
File: pgfcorelayers.code.tex 2013/07/18  (rcs-revision 1.7)
)
("C:\Users\andre_000\AppData\Local\Programs\MiKTeX 2.9\tex\generic\pgf\basiclay
er\pgfcoretransparency.code.tex"
File: pgfcoretransparency.code.tex 2013/09/30  (rcs-revision 1.5)
)
("C:\Users\andre_000\AppData\Local\Programs\MiKTeX 2.9\tex\generic\pgf\basiclay
er\pgfcorepatterns.code.tex"
File: pgfcorepatterns.code.tex 2013/11/07  (rcs-revision 1.5)
)))
("C:\Users\andre_000\AppData\Local\Programs\MiKTeX 2.9\tex\generic\pgf\modules\
pgfmoduleshapes.code.tex"
File: pgfmoduleshapes.code.tex 2014/03/21  (rcs-revision 1.35)
\pgfnodeparttextbox=\box37
)
("C:\Users\andre_000\AppData\Local\Programs\MiKTeX 2.9\tex\generic\pgf\modules\
pgfmoduleplot.code.tex"
File: pgfmoduleplot.code.tex 2015/08/03  (rcs-revision 1.13)
)
("C:\Users\andre_000\AppData\Local\Programs\MiKTeX 2.9\tex\latex\pgf\compatibil
ity\pgfcomp-version-0-65.sty"
Package: pgfcomp-version-0-65 2007/07/03 v3.0.1a (rcs-revision 1.7)
\pgf@nodesepstart=\dimen178
\pgf@nodesepend=\dimen179
)
("C:\Users\andre_000\AppData\Local\Programs\MiKTeX 2.9\tex\latex\pgf\compatibil
ity\pgfcomp-version-1-18.sty"
Package: pgfcomp-version-1-18 2007/07/23 v3.0.1a (rcs-revision 1.1)
))
("C:\Users\andre_000\AppData\Local\Programs\MiKTeX 2.9\tex\latex\pgf\utilities\
pgffor.sty"
("C:\Users\andre_000\AppData\Local\Programs\MiKTeX 2.9\tex\latex\pgf\utilities\
pgfkeys.sty"
("C:\Users\andre_000\AppData\Local\Programs\MiKTeX 2.9\tex\generic\pgf\utilitie
s\pgfkeys.code.tex"))
("C:\Users\andre_000\AppData\Local\Programs\MiKTeX 2.9\tex\latex\pgf\math\pgfma
th.sty"
("C:\Users\andre_000\AppData\Local\Programs\MiKTeX 2.9\tex\generic\pgf\math\pgf
math.code.tex"))
("C:\Users\andre_000\AppData\Local\Programs\MiKTeX 2.9\tex\generic\pgf\utilitie
s\pgffor.code.tex"
Package: pgffor 2013/12/13 v3.0.1a (rcs-revision 1.25)

("C:\Users\andre_000\AppData\Local\Programs\MiKTeX 2.9\tex\generic\pgf\math\pgf
math.code.tex")
\pgffor@iter=\dimen180
\pgffor@skip=\dimen181
\pgffor@stack=\toks42
\pgffor@toks=\toks43
))
("C:\Users\andre_000\AppData\Local\Programs\MiKTeX 2.9\tex\generic\pgf\frontend
layer\tikz\tikz.code.tex"
Package: tikz 2015/08/07 v3.0.1a (rcs-revision 1.151)

("C:\Users\andre_000\AppData\Local\Programs\MiKTeX 2.9\tex\generic\pgf\librarie
s\pgflibraryplothandlers.code.tex"
File: pgflibraryplothandlers.code.tex 2013/08/31 v3.0.1a (rcs-revision 1.20)
\pgf@plot@mark@count=\count140
\pgfplotmarksize=\dimen182
)
\tikz@lastx=\dimen183
\tikz@lasty=\dimen184
\tikz@lastxsaved=\dimen185
\tikz@lastysaved=\dimen186
\tikzleveldistance=\dimen187
\tikzsiblingdistance=\dimen188
\tikz@figbox=\box38
\tikz@figbox@bg=\box39
\tikz@tempbox=\box40
\tikz@tempbox@bg=\box41
\tikztreelevel=\count141
\tikznumberofchildren=\count142
\tikznumberofcurrentchild=\count143
\tikz@fig@count=\count144

("C:\Users\andre_000\AppData\Local\Programs\MiKTeX 2.9\tex\generic\pgf\modules\
pgfmodulematrix.code.tex"
File: pgfmodulematrix.code.tex 2013/09/17  (rcs-revision 1.8)
\pgfmatrixcurrentrow=\count145
\pgfmatrixcurrentcolumn=\count146
\pgf@matrix@numberofcolumns=\count147
)
\tikz@expandcount=\count148

("C:\Users\andre_000\AppData\Local\Programs\MiKTeX 2.9\tex\generic\pgf\frontend
layer\tikz\libraries\tikzlibrarytopaths.code.tex"
File: tikzlibrarytopaths.code.tex 2008/06/17 v3.0.1a (rcs-revision 1.2)
)))
("C:\Users\andre_000\AppData\Local\Programs\MiKTeX 2.9\tex\generic\pgf\frontend
layer\tikz\libraries\tikzlibrarypositioning.code.tex"
File: tikzlibrarypositioning.code.tex 2008/10/06 v3.0.1a (rcs-revision 1.7)
)
("C:\Users\andre_000\AppData\Local\Programs\MiKTeX 2.9\tex\latex\tools\calc.sty
"
Package: calc 2014/10/28 v4.3 Infix arithmetic (KKT,FJ)
\calc@Acount=\count149
\calc@Bcount=\count150
\calc@Adimen=\dimen189
\calc@Bdimen=\dimen190
\calc@Askip=\skip70
\calc@Bskip=\skip71
LaTeX Info: Redefining \setlength on input line 80.
LaTeX Info: Redefining \addtolength on input line 81.
\calc@Ccount=\count151
\calc@Cskip=\skip72
)
\c@@todonotes@numberoftodonotes=\count152
)
("C:\Users\andre_000\AppData\Local\Programs\MiKTeX 2.9\tex\generic\pgf\frontend
layer\tikz\libraries\tikzlibraryshapes.code.tex"
File: tikzlibraryshapes.code.tex 2008/01/09 v3.0.1a (rcs-revision 1.1)

("C:\Users\andre_000\AppData\Local\Programs\MiKTeX 2.9\tex\generic\pgf\frontend
layer\tikz\libraries\tikzlibraryshapes.geometric.code.tex"
File: tikzlibraryshapes.geometric.code.tex 2008/01/09 v3.0.1a (rcs-revision 1.1
)

("C:\Users\andre_000\AppData\Local\Programs\MiKTeX 2.9\tex\generic\pgf\librarie
s\shapes\pgflibraryshapes.geometric.code.tex"
File: pgflibraryshapes.geometric.code.tex 2008/06/26 v3.0.1a (rcs-revision 1.1)

))
("C:\Users\andre_000\AppData\Local\Programs\MiKTeX 2.9\tex\generic\pgf\frontend
layer\tikz\libraries\tikzlibraryshapes.misc.code.tex"
File: tikzlibraryshapes.misc.code.tex 2008/01/09 v3.0.1a (rcs-revision 1.1)

("C:\Users\andre_000\AppData\Local\Programs\MiKTeX 2.9\tex\generic\pgf\librarie
s\shapes\pgflibraryshapes.misc.code.tex"
File: pgflibraryshapes.misc.code.tex 2013/07/18 v3.0.1a (rcs-revision 1.5)
))
("C:\Users\andre_000\AppData\Local\Programs\MiKTeX 2.9\tex\generic\pgf\frontend
layer\tikz\libraries\tikzlibraryshapes.symbols.code.tex"
File: tikzlibraryshapes.symbols.code.tex 2008/01/09 v3.0.1a (rcs-revision 1.1)

("C:\Users\andre_000\AppData\Local\Programs\MiKTeX 2.9\tex\generic\pgf\librarie
s\shapes\pgflibraryshapes.symbols.code.tex"
File: pgflibraryshapes.symbols.code.tex 2013/09/11 v3.0.1a (rcs-revision 1.6)
))
("C:\Users\andre_000\AppData\Local\Programs\MiKTeX 2.9\tex\generic\pgf\frontend
layer\tikz\libraries\tikzlibraryshapes.arrows.code.tex"
File: tikzlibraryshapes.arrows.code.tex 2008/01/09 v3.0.1a (rcs-revision 1.1)

("C:\Users\andre_000\AppData\Local\Programs\MiKTeX 2.9\tex\generic\pgf\librarie
s\shapes\pgflibraryshapes.arrows.code.tex"
File: pgflibraryshapes.arrows.code.tex 2008/06/26 v3.0.1a (rcs-revision 1.1)
))
("C:\Users\andre_000\AppData\Local\Programs\MiKTeX 2.9\tex\generic\pgf\frontend
layer\tikz\libraries\tikzlibraryshapes.callouts.code.tex"
("C:\Users\andre_000\AppData\Local\Programs\MiKTeX 2.9\tex\generic\pgf\librarie
s\shapes\pgflibraryshapes.callouts.code.tex"))
("C:\Users\andre_000\AppData\Local\Programs\MiKTeX 2.9\tex\generic\pgf\frontend
layer\tikz\libraries\tikzlibraryshapes.multipart.code.tex"
File: tikzlibraryshapes.multipart.code.tex 2008/01/09 v3.0.1a (rcs-revision 1.1
)

("C:\Users\andre_000\AppData\Local\Programs\MiKTeX 2.9\tex\generic\pgf\librarie
s\shapes\pgflibraryshapes.multipart.code.tex"
File: pgflibraryshapes.multipart.code.tex 2010/01/07 v3.0.1a (rcs-revision 1.2)

\pgfnodepartlowerbox=\box42
\pgfnodeparttwobox=\box43
\pgfnodepartthreebox=\box44
\pgfnodepartfourbox=\box45
\pgfnodeparttwentybox=\box46
\pgfnodepartnineteenbox=\box47
\pgfnodeparteighteenbox=\box48
\pgfnodepartseventeenbox=\box49
\pgfnodepartsixteenbox=\box50
\pgfnodepartfifteenbox=\box51
\pgfnodepartfourteenbox=\box52
\pgfnodepartthirteenbox=\box53
\pgfnodeparttwelvebox=\box54
\pgfnodepartelevenbox=\box55
\pgfnodeparttenbox=\box56
\pgfnodepartninebox=\box57
\pgfnodeparteightbox=\box58
\pgfnodepartsevenbox=\box59
\pgfnodepartsixbox=\box60
\pgfnodepartfivebox=\box61
)))
("C:\Users\andre_000\AppData\Local\Programs\MiKTeX 2.9\tex\generic\pgf\frontend
layer\tikz\libraries\tikzlibrarybackgrounds.code.tex"
File: tikzlibrarybackgrounds.code.tex 2013/07/18 v3.0.1a (rcs-revision 1.3)
\pgf@layerbox@background=\box62
\pgf@layerboxsaved@background=\box63
)
("C:\Users\andre_000\AppData\Local\Programs\MiKTeX 2.9\tex\latex\float\float.st
y"
Package: float 2001/11/08 v1.3d Float enhancements (AL)
\c@float@type=\count153
\float@exts=\toks44
\float@box=\box64
\@float@everytoks=\toks45
\@floatcapt=\box65
)
("C:\Users\andre_000\AppData\Local\Programs\MiKTeX 2.9\tex\latex\comment\commen
t.sty"
\CommentStream=\write4
 Excluding comment 'comment')
("C:\Users\andre_000\AppData\Local\Programs\MiKTeX 2.9\tex\latex\mdframed\mdfra
med.sty"
Package: mdframed 2013/07/01 1.9b: mdframed

("C:\Users\andre_000\AppData\Local\Programs\MiKTeX 2.9\tex\latex\l3packages\xpa
rse\xparse.sty"
("C:\Users\andre_000\AppData\Local\Programs\MiKTeX 2.9\tex\latex\l3kernel\expl3
.sty"
Package: expl3 2016/04/20 v6476 L3 programming layer (loader) 

("C:\Users\andre_000\AppData\Local\Programs\MiKTeX 2.9\tex\latex\l3kernel\expl3
-code.tex"
Package: expl3 2016/04/20 v6476 L3 programming layer (code)
L3 Module: l3bootstrap 2016/02/12 v6412 L3 Bootstrap code
L3 Module: l3names 2016/03/11 v6433 L3 Namespace for primitives
L3 Module: l3basics 2015/11/22 v6315 L3 Basic definitions
L3 Module: l3expan 2015/09/10 v5983 L3 Argument expansion
L3 Module: l3tl 2016/03/26 v6465 L3 Token lists
L3 Module: l3str 2016/03/24 v6441 L3 Strings
L3 Module: l3seq 2015/08/05 v5777 L3 Sequences and stacks
L3 Module: l3int 2016/03/24 v6441 L3 Integers
\c_max_int=\count154
\l_tmpa_int=\count155
\l_tmpb_int=\count156
\g_tmpa_int=\count157
\g_tmpb_int=\count158
L3 Module: l3quark 2015/08/17 v5855 L3 Quarks
L3 Module: l3prg 2015/11/01 v6216 L3 Control structures
\g__prg_map_int=\count159
L3 Module: l3clist 2015/09/02 v5901 L3 Comma separated lists
L3 Module: l3token 2016/04/03 v6470 L3 Experimental token manipulation
L3 Module: l3prop 2016/01/05 v6366 L3 Property lists
L3 Module: l3msg 2016/03/26 v6464 L3 Messages
L3 Module: l3file 2016/03/25 v6458 L3 File and I/O operations
\l_iow_line_count_int=\count160
\l__iow_target_count_int=\count161
\l__iow_current_line_int=\count162
\l__iow_current_word_int=\count163
\l__iow_current_indentation_int=\count164
L3 Module: l3skip 2016/01/05 v6366 L3 Dimensions and skips
\c_zero_dim=\dimen191
\c_max_dim=\dimen192
\l_tmpa_dim=\dimen193
\l_tmpb_dim=\dimen194
\g_tmpa_dim=\dimen195
\g_tmpb_dim=\dimen196
\c_zero_skip=\skip73
\c_max_skip=\skip74
\l_tmpa_skip=\skip75
\l_tmpb_skip=\skip76
\g_tmpa_skip=\skip77
\g_tmpb_skip=\skip78
\c_zero_muskip=\muskip12
\c_max_muskip=\muskip13
\l_tmpa_muskip=\muskip14
\l_tmpb_muskip=\muskip15
\g_tmpa_muskip=\muskip16
\g_tmpb_muskip=\muskip17
L3 Module: l3keys 2015/11/17 v6284 L3 Key-value interfaces
\g__keyval_level_int=\count165
\l_keys_choice_int=\count166
L3 Module: l3fp 2016/03/26 v6465 L3 Floating points
\c__fp_leading_shift_int=\count167
\c__fp_middle_shift_int=\count168
\c__fp_trailing_shift_int=\count169
\c__fp_big_leading_shift_int=\count170
\c__fp_big_middle_shift_int=\count171
\c__fp_big_trailing_shift_int=\count172
\c__fp_Bigg_leading_shift_int=\count173
\c__fp_Bigg_middle_shift_int=\count174
\c__fp_Bigg_trailing_shift_int=\count175
L3 Module: l3box 2015/08/09 v5822 L3 Experimental boxes
\c_empty_box=\box66
\l_tmpa_box=\box67
\l_tmpb_box=\box68
\g_tmpa_box=\box69
\g_tmpb_box=\box70
L3 Module: l3coffins 2016/03/24 v6440 L3 Coffin code layer
\l__coffin_internal_box=\box71
\l__coffin_internal_dim=\dimen197
\l__coffin_offset_x_dim=\dimen198
\l__coffin_offset_y_dim=\dimen199
\l__coffin_x_dim=\dimen256
\l__coffin_y_dim=\dimen257
\l__coffin_x_prime_dim=\dimen258
\l__coffin_y_prime_dim=\dimen259
\c_empty_coffin=\box72
\l__coffin_aligned_coffin=\box73
\l__coffin_aligned_internal_coffin=\box74
\l_tmpa_coffin=\box75
\l_tmpb_coffin=\box76
\l__coffin_display_coffin=\box77
\l__coffin_display_coord_coffin=\box78
\l__coffin_display_pole_coffin=\box79
\l__coffin_display_offset_dim=\dimen260
\l__coffin_display_x_dim=\dimen261
\l__coffin_display_y_dim=\dimen262
L3 Module: l3color 2014/08/23 v5354 L3 Experimental color support
L3 Module: l3sys 2015/09/25 v6087 L3 Experimental system/runtime functions
L3 Module: l3candidates 2016/03/25 v6456 L3 Experimental additions to l3kernel
\l__box_top_dim=\dimen263
\l__box_bottom_dim=\dimen264
\l__box_left_dim=\dimen265
\l__box_right_dim=\dimen266
\l__box_top_new_dim=\dimen267
\l__box_bottom_new_dim=\dimen268
\l__box_left_new_dim=\dimen269
\l__box_right_new_dim=\dimen270
\l__box_internal_box=\box80
\l__coffin_bounding_shift_dim=\dimen271
\l__coffin_left_corner_dim=\dimen272
\l__coffin_right_corner_dim=\dimen273
\l__coffin_bottom_corner_dim=\dimen274
\l__coffin_top_corner_dim=\dimen275
\l__coffin_scaled_total_height_dim=\dimen276
\l__coffin_scaled_width_dim=\dimen277
L3 Module: l3luatex 2016/03/26 v6465 L3 Experimental LuaTeX-specific functions
)
("C:\Users\andre_000\AppData\Local\Programs\MiKTeX 2.9\tex\latex\l3kernel\l3pdf
mode.def"
File: l3pdfmode.def 2016/03/26 v6465 L3 Experimental driver: PDF mode
\l__driver_color_stack_int=\count176
))
Package: xparse 2016/04/20 v6476 L3 Experimental document command parser
\l__xparse_current_arg_int=\count177
\l__xparse_m_args_int=\count178
\l__xparse_mandatory_args_int=\count179
\l__xparse_processor_int=\count180
\l__xparse_v_nesting_int=\count181
)
("C:\Users\andre_000\AppData\Local\Programs\MiKTeX 2.9\tex\latex\etoolbox\etool
box.sty"
Package: etoolbox 2017/01/02 v2.4 e-TeX tools for LaTeX (JAW)
\etb@tempcnta=\count182
)
("C:\Users\andre_000\AppData\Local\Programs\MiKTeX 2.9\tex\latex\oberdiek\zref-
abspage.sty"
Package: zref-abspage 2012/04/04 v2.24 Module abspage for zref (HO)

("C:\Users\andre_000\AppData\Local\Programs\MiKTeX 2.9\tex\latex\oberdiek\zref-
base.sty"
Package: zref-base 2012/04/04 v2.24 Module base for zref (HO)
Package zref Info: New property list: main on input line 759.
Package zref Info: New property: default on input line 760.
Package zref Info: New property: page on input line 761.
)
\c@abspage=\count183
Package zref Info: New property: abspage on input line 62.
)
("C:\Users\andre_000\AppData\Local\Programs\MiKTeX 2.9\tex\latex\needspace\need
space.sty"
Package: needspace 2010/09/12 v1.3d reserve vertical space
)
\mdf@templength=\skip79
\c@mdf@globalstyle@cnt=\count184
\mdf@skipabove@length=\skip80
\mdf@skipbelow@length=\skip81
\mdf@leftmargin@length=\skip82
\mdf@rightmargin@length=\skip83
\mdf@innerleftmargin@length=\skip84
\mdf@innerrightmargin@length=\skip85
\mdf@innertopmargin@length=\skip86
\mdf@innerbottommargin@length=\skip87
\mdf@splittopskip@length=\skip88
\mdf@splitbottomskip@length=\skip89
\mdf@outermargin@length=\skip90
\mdf@innermargin@length=\skip91
\mdf@linewidth@length=\skip92
\mdf@innerlinewidth@length=\skip93
\mdf@middlelinewidth@length=\skip94
\mdf@outerlinewidth@length=\skip95
\mdf@roundcorner@length=\skip96
\mdf@footenotedistance@length=\skip97
\mdf@userdefinedwidth@length=\skip98
\mdf@needspace@length=\skip99
\mdf@frametitleaboveskip@length=\skip100
\mdf@frametitlebelowskip@length=\skip101
\mdf@frametitlerulewidth@length=\skip102
\mdf@frametitleleftmargin@length=\skip103
\mdf@frametitlerightmargin@length=\skip104
\mdf@shadowsize@length=\skip105
\mdf@extratopheight@length=\skip106
\mdf@subtitleabovelinewidth@length=\skip107
\mdf@subtitlebelowlinewidth@length=\skip108
\mdf@subtitleaboveskip@length=\skip109
\mdf@subtitlebelowskip@length=\skip110
\mdf@subtitleinneraboveskip@length=\skip111
\mdf@subtitleinnerbelowskip@length=\skip112
\mdf@subsubtitleabovelinewidth@length=\skip113
\mdf@subsubtitlebelowlinewidth@length=\skip114
\mdf@subsubtitleaboveskip@length=\skip115
\mdf@subsubtitlebelowskip@length=\skip116
\mdf@subsubtitleinneraboveskip@length=\skip117
\mdf@subsubtitleinnerbelowskip@length=\skip118

("C:\Users\andre_000\AppData\Local\Programs\MiKTeX 2.9\tex\latex\mdframed\md-fr
ame-0.mdf"
File: md-frame-0.mdf 2013/07/01\ 1.9b: md-frame-0
)
\mdf@frametitlebox=\box81
\mdf@footnotebox=\box82
\mdf@splitbox@one=\box83
\mdf@splitbox@two=\box84
\mdf@splitbox@save=\box85
\mdfsplitboxwidth=\skip119
\mdfsplitboxtotalwidth=\skip120
\mdfsplitboxheight=\skip121
\mdfsplitboxdepth=\skip122
\mdfsplitboxtotalheight=\skip123
\mdfframetitleboxwidth=\skip124
\mdfframetitleboxtotalwidth=\skip125
\mdfframetitleboxheight=\skip126
\mdfframetitleboxdepth=\skip127
\mdfframetitleboxtotalheight=\skip128
\mdffootnoteboxwidth=\skip129
\mdffootnoteboxtotalwidth=\skip130
\mdffootnoteboxheight=\skip131
\mdffootnoteboxdepth=\skip132
\mdffootnoteboxtotalheight=\skip133
\mdftotallinewidth=\skip134
\mdfboundingboxwidth=\skip135
\mdfboundingboxtotalwidth=\skip136
\mdfboundingboxheight=\skip137
\mdfboundingboxdepth=\skip138
\mdfboundingboxtotalheight=\skip139
\mdf@freevspace@length=\skip140
\mdf@horizontalwidthofbox@length=\skip141
\mdf@verticalmarginwhole@length=\skip142
\mdf@horizontalspaceofbox=\skip143
\mdfsubtitleheight=\skip144
\mdfsubsubtitleheight=\skip145
\c@mdfcountframes=\count185

****** mdframed patching \endmdf@trivlist

****** -- success******

.................................................
. LaTeX info: "xparse/define-command"
. 
. Defining command \newmdtheoremenv with sig. 'O{} m o m o ' on line 601.
.................................................
.................................................
. LaTeX info: "xparse/define-command"
. 
. Defining command \mdtheorem with sig. ' O{} m o m o ' on line 701.
.................................................
\mdf@envdepth=\count186
\c@mdf@env@i=\count187
\c@mdf@env@ii=\count188
\c@mdf@zref@counter=\count189
Package zref Info: New property: mdf@pagevalue on input line 895.
)
("C:\Users\andre_000\AppData\Local\Programs\MiKTeX 2.9\tex\latex\tools\verbatim
.sty"
Package: verbatim 2014/10/28 v1.5q LaTeX2e package for verbatim enhancements
\every@verbatim=\toks46
\verbatim@line=\toks47
\verbatim@in@stream=\read2
)
("C:\Users\andre_000\AppData\Local\Programs\MiKTeX 2.9\tex\latex\underscore\und
erscore.sty"
Package: underscore 2006/09/13
LaTeX Info: Redefining \_ on input line 42.
)
("C:\Users\andre_000\AppData\Local\Programs\MiKTeX 2.9\tex\latex\bbm\bbm.sty"
Package: bbm 1999/03/15 V 1.2 provides fonts for set symbols - TH
LaTeX Font Info:    Overwriting math alphabet `\mathbbm' in version `bold'
(Font)                  U/bbm/m/n --> U/bbm/bx/n on input line 33.
LaTeX Font Info:    Overwriting math alphabet `\mathbbmss' in version `bold'
(Font)                  U/bbmss/m/n --> U/bbmss/bx/n on input line 35.
)
\c@question=\count190
\c@subquestion=\count191

Excluding comment 'solution' Excluding comment 'subsolution') (template.aux)
\openout1 = `template.aux'.

LaTeX Font Info:    Checking defaults for OML/cmm/m/it on input line 17.
LaTeX Font Info:    ... okay on input line 17.
LaTeX Font Info:    Checking defaults for T1/cmr/m/n on input line 17.
LaTeX Font Info:    ... okay on input line 17.
LaTeX Font Info:    Checking defaults for OT1/cmr/m/n on input line 17.
LaTeX Font Info:    ... okay on input line 17.
LaTeX Font Info:    Checking defaults for OMS/cmsy/m/n on input line 17.
LaTeX Font Info:    ... okay on input line 17.
LaTeX Font Info:    Checking defaults for OMX/cmex/m/n on input line 17.
LaTeX Font Info:    ... okay on input line 17.
LaTeX Font Info:    Checking defaults for U/cmr/m/n on input line 17.
LaTeX Font Info:    ... okay on input line 17.
LaTeX Font Info:    Checking defaults for PD1/pdf/m/n on input line 17.
LaTeX Font Info:    ... okay on input line 17.
LaTeX Font Info:    Try loading font information for OT1+ppl on input line 17.

("C:\Users\andre_000\AppData\Local\Programs\MiKTeX 2.9\tex\latex\psnfss\ot1ppl.
fd"
File: ot1ppl.fd 2001/06/04 font definitions for OT1/ppl.
)
\c@lstlisting=\count192
Package caption Info: Begin \AtBeginDocument code.
Package caption Info: subfig package v1.3 is loaded.
Package caption Info: float package is loaded.
Package caption Info: hyperref package is loaded.
Package caption Info: End \AtBeginDocument code.

("C:\Users\andre_000\AppData\Local\Programs\MiKTeX 2.9\tex\context\base\supp-pd
f.mkii"
[Loading MPS to PDF converter (version 2006.09.02).]
\scratchcounter=\count193
\scratchdimen=\dimen278
\scratchbox=\box86
\nofMPsegments=\count194
\nofMParguments=\count195
\everyMPshowfont=\toks48
\MPscratchCnt=\count196
\MPscratchDim=\dimen279
\MPnumerator=\count197
\makeMPintoPDFobject=\count198
\everyMPtoPDFconversion=\toks49
)
\AtBeginShipoutBox=\box87
Package hyperref Info: Link coloring ON on input line 17.

("C:\Users\andre_000\AppData\Local\Programs\MiKTeX 2.9\tex\latex\hyperref\namer
ef.sty"
Package: nameref 2012/10/27 v2.43 Cross-referencing by name of section

("C:\Users\andre_000\AppData\Local\Programs\MiKTeX 2.9\tex\generic\oberdiek\get
titlestring.sty"
Package: gettitlestring 2010/12/03 v1.4 Cleanup title references (HO)
)
\c@section@level=\count199
)
LaTeX Info: Redefining \ref on input line 17.
LaTeX Info: Redefining \pageref on input line 17.
LaTeX Info: Redefining \nameref on input line 17.
 (template.out) (template.out)
\@outlinefile=\write5
\openout5 = `template.out'.


*geometry* driver: auto-detecting
*geometry* detected driver: pdftex
*geometry* verbose mode - [ preamble ] result:
* driver: pdftex
* paper: <default>
* layout: <same size as paper>
* layoutoffset:(h,v)=(0.0pt,0.0pt)
* modes: 
* h-part:(L,W,R)=(72.26999pt, 469.75502pt, 72.26999pt)
* v-part:(T,H,B)=(144.54pt, 578.16pt, 72.26999pt)
* \paperwidth=614.295pt
* \paperheight=794.96999pt
* \textwidth=469.75502pt
* \textheight=578.16pt
* \oddsidemargin=0.0pt
* \evensidemargin=0.0pt
* \topmargin=-97.26999pt
* \headheight=144.54pt
* \headsep=25.0pt
* \topskip=10.0pt
* \footskip=30.0pt
* \marginparwidth=61.17325pt
* \marginparsep=11.0pt
* \columnsep=10.0pt
* \skip\footins=9.0pt plus 4.0pt minus 2.0pt
* \hoffset=0.0pt
* \voffset=0.0pt
* \mag=1000
* \@twocolumnfalse
* \@twosidefalse
* \@mparswitchfalse
* \@reversemarginfalse
* (1in=72.27pt=25.4mm, 1cm=28.453pt)

ABD: EveryShipout initializing macros
LaTeX Font Info:    Font shape `OT1/ppl/bx/n' in size <14.4> not available
(Font)              Font shape `OT1/ppl/b/n' tried instead on input line 20.
LaTeX Font Info:    Font shape `OT1/ppl/bx/n' in size <10> not available
(Font)              Font shape `OT1/ppl/b/n' tried instead on input line 25.
 [1{C:/Users/andre_000/AppData/Local/MiKTeX/2.9/pdftex/config/pdftex.map}

]
Package atveryend Info: Empty hook `BeforeClearDocument' on input line 30.
Package atveryend Info: Empty hook `AfterLastShipout' on input line 30.
 (template.aux)
Package atveryend Info: Executing hook `AtVeryEndDocument' on input line 30.
Package atveryend Info: Executing hook `AtEndAfterFileList' on input line 30.
Package rerunfilecheck Info: File `template.out' has not changed.
(rerunfilecheck)             Checksum: 3173D534657C2A21A347EDD5773EAEEC;44.
Package atveryend Info: Empty hook `AtVeryVeryEnd' on input line 30.
 ) 
Here is how much of TeX's memory you used:
 29633 strings out of 493634
 583656 string characters out of 3133607
 651907 words of memory out of 3000000
 32598 multiletter control sequences out of 15000+200000
 8249 words of font info for 23 fonts, out of 3000000 for 9000
 1025 hyphenation exceptions out of 8191
 64i,11n,67p,10437b,331s stack positions out of 5000i,500n,10000p,200000b,50000s
{C:/Users/andre_000/AppData/Local/Programs/MiKTeX 2.9/fonts/enc/dvips/fontnam
e/8r.enc}<C:/Users/andre_000/AppData/Local/Programs/MiKTeX 2.9/fonts/type1/urw/
palatino/uplb8a.pfb><C:/Users/andre_000/AppData/Local/Programs/MiKTeX 2.9/fonts
/type1/urw/palatino/uplr8a.pfb>
Output written on template.pdf (1 page, 32712 bytes).
PDF statistics:
 30 PDF objects out of 1000 (max. 8388607)
 5 named destinations out of 1000 (max. 500000)
 21 words of extra memory for PDF output out of 10000 (max. 10000000)

